<?xml version="1.0" encoding="UTF-8"?>
<testsuite xmlns:xsi="http://www.w3.org/2001/XMLSchema-instance" xsi:noNamespaceSchemaLocation="https://maven.apache.org/surefire/maven-surefire-plugin/xsd/surefire-test-report.xsd" name="com.pluralsight.migratingjunit4junit5.assumptions.JUnit4AssumptionsTest" time="0.071" tests="2" errors="0" skipped="1" failures="0">
  <properties>
[...]
</properties>
  <testcase name="testNoJobToRun" classname="com.pluralsight.migratingjunit4junit5.assumptions.JUnit4AssumptionsTest" time="0">
    <skipped message="got: &lt;false&gt;, expected: is &lt;true&gt;"/>
  </testcase>
  <testcase name="testJobToRun" classname="com.pluralsight.migratingjunit4junit5.assumptions.JUnit4AssumptionsTest" time="0"/>
</testsuite>