<?xml version="1.0" encoding="UTF-8"?>
<testsuite xmlns:xsi="http://www.w3.org/2001/XMLSchema-instance" xsi:schemaLocation="https://maven.apache.org/surefire/maven-surefire-plugin/xsd/surefire-test-report.xsd" name="com.pluralsight.migratingjunit4junit5.airport.database.DatabaseAccessTest" time="0" tests="4" errors="0" skipped="0" failures="0">
  <properties>
[...]
</properties>
  <testcase name="testUserFailedLogin2" classname="com.pluralsight.migratingjunit4junit5.airport.database.DatabaseAccessTest" time="0"/>
  <testcase name="testUserSuccessfulLogin" classname="com.pluralsight.migratingjunit4junit5.airport.database.DatabaseAccessTest" time="0"/>
  <testcase name="testUserSuccessfulLogin2" classname="com.pluralsight.migratingjunit4junit5.airport.database.DatabaseAccessTest" time="0"/>
  <testcase name="testUserFailedLogin" classname="com.pluralsight.migratingjunit4junit5.airport.database.DatabaseAccessTest" time="0"/>
</testsuite>